<?xml version="1.0" encoding="UTF-8"?>
<!-- Generated by org.testng.reporters.JUnitReportReporter -->
<testsuite skipped="0" hostname="Latitude-E6430" name="functionaltest.LoginPageTests" tests="4" failures="0" timestamp="2021-07-31T22:56:08 CAT" time="19.969" errors="0">
  <testcase name="validateEmailFieldTest" time="9.974" classname="functionaltest.LoginPageTests"/>
  <system-out/>
  <testcase name="validatePasswordFieldTest" time="1.271" classname="functionaltest.LoginPageTests"/>
  <system-out/>
  <testcase name="validateSubmitButtonFieldTest" time="0.289" classname="functionaltest.LoginPageTests"/>
  <system-out/>
  <testcase name="performLoginTests" time="8.435" classname="functionaltest.LoginPageTests"/>
  <system-out/>
</testsuite> <!-- functionaltest.LoginPageTests -->
