<?xml version="1.0" encoding="UTF-8"?>
<!-- Generated by org.testng.reporters.JUnitReportReporter -->
<testsuite skipped="0" hostname="Latitude-E6430" name="functionaltest.LoginPageTests" tests="4" failures="0" timestamp="2021-08-01T16:56:08 CAT" time="16.718" errors="0">
  <testcase name="validateEmailFieldTest" time="11.893" classname="functionaltest.LoginPageTests"/>
  <system-out/>
  <testcase name="validatePasswordFieldTest" time="0.081" classname="functionaltest.LoginPageTests"/>
  <system-out/>
  <testcase name="validateSubmitButtonFieldTest" time="0.077" classname="functionaltest.LoginPageTests"/>
  <system-out/>
  <testcase name="performLoginTests" time="4.667" classname="functionaltest.LoginPageTests"/>
  <system-out/>
</testsuite> <!-- functionaltest.LoginPageTests -->
