<?xml version="1.0" encoding="UTF-8"?>
<!-- Generated by org.testng.reporters.JUnitReportReporter -->
<testsuite skipped="0" hostname="Latitude-E6430" name="functionaltest.HeaderPageTests" tests="2" failures="0" timestamp="2021-08-01T16:56:08 CAT" time="0.885" errors="0">
  <testcase name="validateMenuIcons" time="0.576" classname="functionaltest.HeaderPageTests"/>
  <system-out/>
  <testcase name="validateheaderText" time="0.309" classname="functionaltest.HeaderPageTests"/>
  <system-out/>
</testsuite> <!-- functionaltest.HeaderPageTests -->
